<?xml version="1.0" encoding="UTF-8"?>
<testsuite name="com.moodanalyzer.MoodAnalyzerTest" tests="1" skipped="0" failures="0" errors="0" timestamp="2022-01-18T02:53:30" hostname="DESKTOP-4O5TU4O" time="0.034">
  <properties/>
  <testcase name="givenMsg_WhenProper_ShouldRetrun()" classname="com.moodanalyzer.MoodAnalyzerTest" time="0.034"/>
  <system-out><![CDATA[]]></system-out>
  <system-err><![CDATA[]]></system-err>
</testsuite>
